0.0002453772935508722
0.0002453772935508722
0.0002453772935508722
0.0002723353102545742
0.0002453772935508722
0.0002453772935508722
0.0002453772935508722
0.0002453772935508722
0.0002453772935508722
0.0002453772935508722
0.0002453772935508722
0.0002453772935508722
0.0002453772935508722
0.0002453772935508722
0.0002453772935508722
0.0002453772935508722
0.0002453772935508722
0.0002453772935508722
0.0002453772935508722
0.0002453772935508722
0.0002453772935508722
0.0002453772935508722
0.0002453772935508722
0.0002453772935508722
0.0002453772935508722
0.0002453772935508722
0.0002453772935508722
0.0002453772935508722
0.0002453772935508722
0.0002453772935508722
0.0002453772935508722
0.0002453772935508722
0.0002453772935508722
0.0002453772935508722
0.0002453772935508722
0.0002453772935508722
0.0002453772935508722
0.0002453772935508722
0.0002453772935508722
0.0002453772935508722
0.0002453772935508722
0.0002453772935508722
0.0002453772935508722
0.0002453772935508722
0.0002453772935508722
0.0002453772935508722
0.0002453772935508722
0.0002453772935508722
0.0002453772935508722
0.0002453772935508722
0.0002453772935508722
0.0002453772935508722
0.0002453772935508722
0.0002453772935508722
0.0002453772935508722
0.0002453772935508722
0.0002453772935508722
0.0002453772935508722
0.0002453772935508722
0.0002453772935508722

测试日期：2019-07-22
零位: 8.446554918057926
零位稳定性: 0.0027685338476659974
